<?xml version="1.0" encoding="UTF-8"?>
<testsuite name="com.poc.microservice.service.impl.EmployeeServiceImplTest" tests="6" skipped="0" failures="0" errors="0" timestamp="2019-07-09T09:26:02" hostname="DAL-8CO094-9W7" time="0.053">
  <properties/>
  <testcase name="testGetAllEmployeesForNullPointerException" classname="com.poc.microservice.service.impl.EmployeeServiceImplTest" time="0.021"/>
  <testcase name="testGetAllEmployeesForSuccess" classname="com.poc.microservice.service.impl.EmployeeServiceImplTest" time="0.012"/>
  <testcase name="testGetEmployeeByID" classname="com.poc.microservice.service.impl.EmployeeServiceImplTest" time="0.004"/>
  <testcase name="testGetAllEmployeesEmptyResultSet" classname="com.poc.microservice.service.impl.EmployeeServiceImplTest" time="0.001"/>
  <testcase name="testDelete" classname="com.poc.microservice.service.impl.EmployeeServiceImplTest" time="0.001"/>
  <testcase name="testSaveOrUpdate" classname="com.poc.microservice.service.impl.EmployeeServiceImplTest" time="0.001"/>
  <system-out><![CDATA[]]></system-out>
  <system-err><![CDATA[]]></system-err>
</testsuite>
