<?xml version="1.0" encoding="UTF-8"?>
<testsuite name="com.poc.microservice.service.impl.EmployeeServiceImplTest" tests="6" skipped="0" failures="0" errors="0" timestamp="2019-07-09T08:11:53" hostname="DAL-8CO094-9W7" time="0.075">
  <properties/>
  <testcase name="testGetAllEmployeesForNullPointerException" classname="com.poc.microservice.service.impl.EmployeeServiceImplTest" time="0.017"/>
  <testcase name="testGetAllEmployeesForSuccess" classname="com.poc.microservice.service.impl.EmployeeServiceImplTest" time="0.018"/>
  <testcase name="testGetEmployeeByID" classname="com.poc.microservice.service.impl.EmployeeServiceImplTest" time="0.007"/>
  <testcase name="testGetAllEmployeesEmptyResultSet" classname="com.poc.microservice.service.impl.EmployeeServiceImplTest" time="0.006"/>
  <testcase name="testDelete" classname="com.poc.microservice.service.impl.EmployeeServiceImplTest" time="0.003"/>
  <testcase name="testSaveOrUpdate" classname="com.poc.microservice.service.impl.EmployeeServiceImplTest" time="0.002"/>
  <system-out><![CDATA[]]></system-out>
  <system-err><![CDATA[]]></system-err>
</testsuite>
